  Restaurant Project.cpp
C:\Users\georg\Desktop\Restaurant Project C++\Restaurant-Praktikum-Project\Restaurant Project\Restaurant Project\Restaurant Project.cpp(56,22): warning C4267: 'initializing': conversion from 'size_t' to 'int', possible loss of data
C:\Users\georg\Desktop\Restaurant Project C++\Restaurant-Praktikum-Project\Restaurant Project\Restaurant Project\Restaurant Project.cpp(81,23): warning C4267: 'initializing': conversion from 'size_t' to 'int', possible loss of data
C:\Users\georg\Desktop\Restaurant Project C++\Restaurant-Praktikum-Project\Restaurant Project\Restaurant Project\Restaurant Project.cpp(96,31): warning C4267: '=': conversion from 'size_t' to 'int', possible loss of data
C:\Users\georg\Desktop\Restaurant Project C++\Restaurant-Praktikum-Project\Restaurant Project\Restaurant Project\Restaurant Project.cpp(113,22): warning C4267: 'initializing': conversion from 'size_t' to 'int', possible loss of data
C:\Users\georg\Desktop\Restaurant Project C++\Restaurant-Praktikum-Project\Restaurant Project\Restaurant Project\Restaurant Project.cpp(167,22): warning C4267: 'initializing': conversion from 'size_t' to 'int', possible loss of data
C:\Users\georg\Desktop\Restaurant Project C++\Restaurant-Praktikum-Project\Restaurant Project\Restaurant Project\Restaurant Project.cpp(245,22): warning C4267: 'initializing': conversion from 'size_t' to 'int', possible loss of data
C:\Users\georg\Desktop\Restaurant Project C++\Restaurant-Praktikum-Project\Restaurant Project\Restaurant Project\Restaurant Project.cpp(259,27): warning C4267: 'initializing': conversion from 'size_t' to 'int', possible loss of data
C:\Users\georg\Desktop\Restaurant Project C++\Restaurant-Praktikum-Project\Restaurant Project\Restaurant Project\Restaurant Project.cpp(260,34): warning C4267: 'initializing': conversion from 'size_t' to 'int', possible loss of data
C:\Users\georg\Desktop\Restaurant Project C++\Restaurant-Praktikum-Project\Restaurant Project\Restaurant Project\Restaurant Project.cpp(261,28): warning C4267: 'initializing': conversion from 'size_t' to 'int', possible loss of data
C:\Users\georg\Desktop\Restaurant Project C++\Restaurant-Praktikum-Project\Restaurant Project\Restaurant Project\Restaurant Project.cpp(304,26): warning C4267: 'initializing': conversion from 'size_t' to 'int', possible loss of data
C:\Users\georg\Desktop\Restaurant Project C++\Restaurant-Praktikum-Project\Restaurant Project\Restaurant Project\Restaurant Project.cpp(453,30): warning C4267: 'initializing': conversion from 'size_t' to 'int', possible loss of data
C:\Users\georg\Desktop\Restaurant Project C++\Restaurant-Praktikum-Project\Restaurant Project\Restaurant Project\Restaurant Project.cpp(473,27): warning C4267: 'initializing': conversion from 'size_t' to 'int', possible loss of data
C:\Users\georg\Desktop\Restaurant Project C++\Restaurant-Praktikum-Project\Restaurant Project\Restaurant Project\Restaurant Project.cpp(474,34): warning C4267: 'initializing': conversion from 'size_t' to 'int', possible loss of data
C:\Users\georg\Desktop\Restaurant Project C++\Restaurant-Praktikum-Project\Restaurant Project\Restaurant Project\Restaurant Project.cpp(475,28): warning C4267: 'initializing': conversion from 'size_t' to 'int', possible loss of data
C:\Users\georg\Desktop\Restaurant Project C++\Restaurant-Praktikum-Project\Restaurant Project\Restaurant Project\Restaurant Project.cpp(632,21): warning C4267: 'initializing': conversion from 'size_t' to 'int', possible loss of data
C:\Users\georg\Desktop\Restaurant Project C++\Restaurant-Praktikum-Project\Restaurant Project\Restaurant Project\Restaurant Project.cpp(639,22): warning C4267: 'initializing': conversion from 'size_t' to 'int', possible loss of data
C:\Users\georg\Desktop\Restaurant Project C++\Restaurant-Praktikum-Project\Restaurant Project\Restaurant Project\Restaurant Project.cpp(659,21): warning C4244: 'argument': conversion from 'double' to 'int', possible loss of data
C:\Users\georg\Desktop\Restaurant Project C++\Restaurant-Praktikum-Project\Restaurant Project\Restaurant Project\Restaurant Project.cpp(666,21): warning C4267: 'initializing': conversion from 'size_t' to 'int', possible loss of data
C:\Users\georg\Desktop\Restaurant Project C++\Restaurant-Praktikum-Project\Restaurant Project\Restaurant Project\Restaurant Project.cpp(325,1): warning C4715: 'showAllPreviousOrders': not all control paths return a value
C:\Users\georg\Desktop\Restaurant Project C++\Restaurant-Praktikum-Project\Restaurant Project\Restaurant Project\Restaurant Project.cpp(310,1): warning C4715: 'showRemainingProducts': not all control paths return a value
  Restaurant Project.vcxproj -> C:\Users\georg\Desktop\Restaurant Project C++\Restaurant-Praktikum-Project\Restaurant Project\x64\Debug\Restaurant Project.exe
